<?xml version="1.0" encoding="UTF-8"?>
<!-- Generated by org.testng.reporters.JUnitReportReporter -->
<testsuite hostname="EPUAKYIW2616" name="ParallelTest" tests="3" failures="0" timestamp="16 May 2016 15:00:31 GMT" time="6.868" errors="0">
  <testcase name="goToGoogle" time="1.737" classname="ParallelTest"/>
  <testcase name="goToGoogle" time="1.035" classname="ParallelTest"/>
  <testcase name="goToGoogle" time="4.096" classname="ParallelTest"/>
</testsuite> <!-- ParallelTest -->
