<?xml version="1.0" encoding="UTF-8"?>
<!-- Generated by org.testng.reporters.JUnitReportReporter -->
<testsuite hostname="EPUAKYIW2616" name="ParallelTest" tests="3" failures="0" timestamp="17 May 2016 10:28:04 GMT" time="12.409" errors="0">
  <testcase name="goToGoogle" time="2.758" classname="ParallelTest"/>
  <testcase name="goToGoogle" time="8.093" classname="ParallelTest"/>
  <testcase name="goToGoogle" time="1.558" classname="ParallelTest"/>
</testsuite> <!-- ParallelTest -->
