<?xml version="1.0" encoding="UTF-8"?>
<!-- Generated by org.testng.reporters.JUnitReportReporter -->
<testsuite hostname="EPUAKYIW2616" name="ParallelTest" tests="3" failures="0" timestamp="17 May 2016 09:27:08 GMT" time="7.999" errors="0">
  <testcase name="goToGoogle" time="1.833" classname="ParallelTest"/>
  <testcase name="goToGoogle" time="4.984" classname="ParallelTest"/>
  <testcase name="goToGoogle" time="1.182" classname="ParallelTest"/>
</testsuite> <!-- ParallelTest -->
